"../../../Engine/Content/Animation/DefaultAnimBoneCompressionSettings.uasset" 0
"../../../Engine/Content/EngineMeshes/Humanoid.uasset" 1
"../../../../../../Users/david/Documents/Unreal Projects/SweatDreams/Content/Mannequin/Character/Mesh/UE4_Mannequin_Skeleton.uasset" 2
"../../../../../../Users/david/Documents/Unreal Projects/SweatDreams/Content/AI_DIOPORCO/Animations/Stun_Block/BlockStart.uasset" 3
"../../../../../../Users/david/Documents/Unreal Projects/SweatDreams/Content/Cover_System/Anim/Crouch_Idle_Rifle_Hip.uasset" 4
"../../../../../../Users/david/Documents/Unreal Projects/SweatDreams/Content/Cover_System/New_Anim/Crouched_Walking.uasset" 5
"../../../../../../Users/david/Documents/Unreal Projects/SweatDreams/Content/Cover_System/New_Anim/Crouching_Idle.uasset" 6
"../../../../../../Users/david/Documents/Unreal Projects/SweatDreams/Content/Mannequin/Animations/ThirdPerson_Jump.uasset" 7
"../../../../../../Users/david/Documents/Unreal Projects/SweatDreams/Content/Mannequin/Animations/ThirdPersonJump_Loop.uasset" 8
"../../../../../../Users/david/Documents/Unreal Projects/SweatDreams/Content/Mannequin/Animations/ThirdPersonJump_Start.uasset" 9
"../../../../../../Users/david/Documents/Unreal Projects/SweatDreams/Content/Mannequin/Animations/WeaponHold.uasset" 10
"../../../../../../Users/david/Documents/Unreal Projects/SweatDreams/Content/Sound/Steps/Steps.uasset" 11
"../../../../../../Users/david/Documents/Unreal Projects/SweatDreams/Content/AI_DIOPORCO/Animations/SwordShieldStrafe/Game/Jog_Bwd.uasset" 12
"../../../../../../Users/david/Documents/Unreal Projects/SweatDreams/Content/AI_DIOPORCO/Animations/SwordShieldStrafe/Game/Jog_Fwd.uasset" 13
"../../../../../../Users/david/Documents/Unreal Projects/SweatDreams/Content/AI_DIOPORCO/Animations/SwordShieldStrafe/Game/Jog_Left.uasset" 14
"../../../../../../Users/david/Documents/Unreal Projects/SweatDreams/Content/AI_DIOPORCO/Animations/SwordShieldStrafe/Game/Jog_Right.uasset" 15
"../../../../../../Users/david/Documents/Unreal Projects/SweatDreams/Content/Mannequin/Animations/ThirdPersonIdle.uasset" 16
"../../../../../../Users/david/Documents/Unreal Projects/SweatDreams/Content/AI_DIOPORCO/Animations/SwordShieldStrafe/Game/Char_Blend.uasset" 17
"../../../../../../Users/david/Documents/Unreal Projects/SweatDreams/Content/Cover_System/Anim/Crouch_Walk_Bwd_Rifle_Hip.uasset" 18
"../../../../../../Users/david/Documents/Unreal Projects/SweatDreams/Content/Cover_System/Anim/Crouch_Walk_Fwd_Rifle_Ironsights.uasset" 19
"../../../../../../Users/david/Documents/Unreal Projects/SweatDreams/Content/Cover_System/Anim/Crouch_Walk_Lt_Rifle_Hip.uasset" 20
"../../../../../../Users/david/Documents/Unreal Projects/SweatDreams/Content/Cover_System/Anim/Crouch_Walk_Rt_Rifle_Hip.uasset" 21
"../../../../../../Users/david/Documents/Unreal Projects/SweatDreams/Content/Cover_System/Anim/Crouch_Walk.uasset" 22
"../../../../../../Users/david/Documents/Unreal Projects/SweatDreams/Content/Mannequin/Animations/ThirdPersonRun.uasset" 23
"../../../../../../Users/david/Documents/Unreal Projects/SweatDreams/Content/Mannequin/Animations/ThirdPersonWalk.uasset" 24
"../../../../../../Users/david/Documents/Unreal Projects/SweatDreams/Content/Mannequin/Animations/ThirdPerson_IdleRun_2D.uasset" 25
"../../../Engine/Content/EditorBlueprintResources/StandardMacros.uasset" 26
"../../../../../../Users/david/Documents/Unreal Projects/SweatDreams/Content/Ashbringers/WeaponPickupInterface.uasset" 27
"../../../../../../Users/david/Documents/Unreal Projects/SweatDreams/Content/Mannequin/Animations/ThirdPerson_AnimBP.uasset" 28
"../../../../../../Users/david/Documents/Unreal Projects/SweatDreams/Content/AI_DIOPORCO/Animations/HitReact_Front.uasset" 29
"../../../../../../Users/david/Documents/Unreal Projects/SweatDreams/Content/AI_DIOPORCO/Animations/HitReact_Front_Montage.uasset" 30
"../../../../../../Users/david/Documents/Unreal Projects/SweatDreams/Content/AI_DIOPORCO/Animations/Stun_Block/Stun_Short.uasset" 31
"../../../../../../Users/david/Documents/Unreal Projects/SweatDreams/Content/AI_DIOPORCO/Animations/Stun_Block/Stun_Short_Montage.uasset" 32
"../../../../../../Users/david/Documents/Unreal Projects/SweatDreams/Content/Mannequin/Animations/Attack_PrimaryA.uasset" 33
"../../../../../../Users/david/Documents/Unreal Projects/SweatDreams/Content/Mannequin/Animations/Attack_A_Montage.uasset" 34
"../../../../../../Users/david/Documents/Unreal Projects/SweatDreams/Content/Mannequin/Animations/Attack_PrimaryB.uasset" 35
"../../../../../../Users/david/Documents/Unreal Projects/SweatDreams/Content/Mannequin/Animations/Attack_B_Montage.uasset" 36
"../../../../../../Users/david/Documents/Unreal Projects/SweatDreams/Content/Mannequin/Animations/Attack_PrimaryC.uasset" 37
"../../../../../../Users/david/Documents/Unreal Projects/SweatDreams/Content/Mannequin/Animations/Attack_C_Montage.uasset" 38
"../../../../../../Users/david/Documents/Unreal Projects/SweatDreams/Content/Mannequin/Animations/Cast_Montage.uasset" 39
"../../../../../../Users/david/Documents/Unreal Projects/SweatDreams/Content/Mannequin/Animations/ThirdPerson_DrawWep.uasset" 40
"../../../../../../Users/david/Documents/Unreal Projects/SweatDreams/Content/Mannequin/Animations/DrawSwordAnim.uasset" 41
"../../../../../../Users/david/Documents/Unreal Projects/SweatDreams/Content/Mannequin/Animations/ThirdPerson_SheatheWep.uasset" 42
"../../../../../../Users/david/Documents/Unreal Projects/SweatDreams/Content/Mannequin/Animations/SheatheSwordAnim.uasset" 43
"../../../../../../Users/david/Documents/Unreal Projects/SweatDreams/Content/AI_DIOPORCO/AttackBlockBP.uasset" 44
"../../../../../../Users/david/Documents/Unreal Projects/SweatDreams/Content/AI_DIOPORCO/Animations/NPCRun.uasset" 45
"../../../../../../Users/david/Documents/Unreal Projects/SweatDreams/Content/AI_DIOPORCO/Animations/NPCWalk.uasset" 46
"../../../../../../Users/david/Documents/Unreal Projects/SweatDreams/Content/AI_DIOPORCO/Animations/NPC_IdleRun_2D1.uasset" 47
"../../../../../../Users/david/Documents/Unreal Projects/SweatDreams/Content/AI_DIOPORCO/character/NPC_AnimBP.uasset" 48
"../../../../../../Users/david/Documents/Unreal Projects/SweatDreams/Content/AI_DIOPORCO/NPC_BlackBoard.uasset" 49
"../../../../../../Users/david/Documents/Unreal Projects/SweatDreams/Content/AI_DIOPORCO/Task/AttackPlayer.uasset" 50
"../../../../../../Users/david/Documents/Unreal Projects/SweatDreams/Content/AI_DIOPORCO/Task/AttackPlayerCounter.uasset" 51
"../../../../../../Users/david/Documents/Unreal Projects/SweatDreams/Content/Geometry/Meshes/CubeMaterial.uasset" 52
"../../../../../../Users/david/Documents/Unreal Projects/SweatDreams/Content/Geometry/Meshes/1M_Cube.uasset" 53
"../../../../../../Users/david/Documents/Unreal Projects/SweatDreams/Content/AI_DIOPORCO/SplinePath_Group/SplinePath_Dad.uasset" 54
"../../../../../../Users/david/Documents/Unreal Projects/SweatDreams/Content/AI_DIOPORCO/Task/ContinuePath.uasset" 55
"../../../../../../Users/david/Documents/Unreal Projects/SweatDreams/Content/AI_DIOPORCO/Task/DrawWaepon.uasset" 56
"../../../../../../Users/david/Documents/Unreal Projects/SweatDreams/Content/AI_DIOPORCO/Task/GetPlayerLocation.uasset" 57
"../../../../../../Users/david/Documents/Unreal Projects/SweatDreams/Content/AI_DIOPORCO/Task/GetSplineLocation.uasset" 58
"../../../../../../Users/david/Documents/Unreal Projects/SweatDreams/Content/AI_DIOPORCO/Task/GetStrafeLocation.uasset" 59
"../../../../../../Users/david/Documents/Unreal Projects/SweatDreams/Content/AI_DIOPORCO/Task/IsPlayerInRange.uasset" 60
"../../../../../../Users/david/Documents/Unreal Projects/SweatDreams/Content/AI_DIOPORCO/Task/PausePath.uasset" 61
"../../../../../../Users/david/Documents/Unreal Projects/SweatDreams/Content/AI_DIOPORCO/Task/RotateToPlayer.uasset" 62
"../../../../../../Users/david/Documents/Unreal Projects/SweatDreams/Content/AI_DIOPORCO/Task/SendToLocation.uasset" 63
"../../../../../../Users/david/Documents/Unreal Projects/SweatDreams/Content/AI_DIOPORCO/Task/SetMovementSpeed.uasset" 64
"../../../../../../Users/david/Documents/Unreal Projects/SweatDreams/Content/AI_DIOPORCO/Task/SheatheWaepon.uasset" 65
"../../../../../../Users/david/Documents/Unreal Projects/SweatDreams/Content/AI_DIOPORCO/Task/StopInvestigate.uasset" 66
"../../../../../../Users/david/Documents/Unreal Projects/SweatDreams/Content/AI_DIOPORCO/Task/StopLookPlayer.uasset" 67
"../../../../../../Users/david/Documents/Unreal Projects/SweatDreams/Content/AI_DIOPORCO/NPC_BT.uasset" 68
"../../../../../../Users/david/Documents/Unreal Projects/SweatDreams/Content/AI_DIOPORCO/NPC_Ai.uasset" 69
"../../../../../../Users/david/Documents/Unreal Projects/SweatDreams/Content/Materials/Black.uasset" 70
"../../../../../../Users/david/Documents/Unreal Projects/SweatDreams/Content/Materials/EmissiveGold.uasset" 71
"../../../../../../Users/david/Documents/Unreal Projects/SweatDreams/Content/Materials/metal_normal_less.uasset" 72
"../../../../../../Users/david/Documents/Unreal Projects/SweatDreams/Content/Materials/Gold.uasset" 73
"../../../../../../Users/david/Documents/Unreal Projects/SweatDreams/Content/Materials/Red.uasset" 74
"../../../../../../Users/david/Documents/Unreal Projects/SweatDreams/Content/Materials/Steel.uasset" 75
"../../../../../../Users/david/Documents/Unreal Projects/SweatDreams/Content/Ashbringers/Ashbringer.uasset" 76
"../../../Engine/Content/Functions/Engine_MaterialFunctions02/Utility/BlendAngleCorrectedNormals.uasset" 77
"../../../Engine/Content/Functions/MaterialLayerFunctions/MatLayerBlend_NormalBlend.uasset" 78
"../../../Engine/Content/Functions/MaterialLayerFunctions/MatLayerBlend_Simple.uasset" 79
"../../../../../../Users/david/Documents/Unreal Projects/SweatDreams/Content/Mannequin/Character/Materials/MaterialLayers/T_ML_Rubber_Blue_01_D.uasset" 80
"../../../../../../Users/david/Documents/Unreal Projects/SweatDreams/Content/Mannequin/Character/Materials/MaterialLayers/T_ML_Rubber_Blue_01_N.uasset" 81
"../../../../../../Users/david/Documents/Unreal Projects/SweatDreams/Content/Mannequin/Character/Materials/MaterialLayers/ML_GlossyBlack_Latex_UE4.uasset" 82
"../../../../../../Users/david/Documents/Unreal Projects/SweatDreams/Content/Mannequin/Character/Materials/MaterialLayers/ML_Plastic_Shiny_Beige.uasset" 83
"../../../../../../Users/david/Documents/Unreal Projects/SweatDreams/Content/Mannequin/Character/Textures/UE4_LOGO_CARD.uasset" 84
"../../../../../../Users/david/Documents/Unreal Projects/SweatDreams/Content/Mannequin/Character/Materials/MaterialLayers/ML_Plastic_Shiny_Beige_LOGO.uasset" 85
"../../../../../../Users/david/Documents/Unreal Projects/SweatDreams/Content/Mannequin/Character/Materials/MaterialLayers/T_ML_Aluminum01.uasset" 86
"../../../../../../Users/david/Documents/Unreal Projects/SweatDreams/Content/Mannequin/Character/Materials/MaterialLayers/T_ML_Aluminum01_N.uasset" 87
"../../../../../../Users/david/Documents/Unreal Projects/SweatDreams/Content/Mannequin/Character/Materials/MaterialLayers/ML_SoftMetal_UE4.uasset" 88
"../../../../../../Users/david/Documents/Unreal Projects/SweatDreams/Content/Mannequin/Character/Textures/UE4_Mannequin__normals.uasset" 89
"../../../../../../Users/david/Documents/Unreal Projects/SweatDreams/Content/Mannequin/Character/Textures/UE4_Mannequin_MAT_MASKA.uasset" 90
"../../../../../../Users/david/Documents/Unreal Projects/SweatDreams/Content/Mannequin/Character/Materials/M_UE4Man_Body.uasset" 91
"../../../../../../Users/david/Documents/Unreal Projects/SweatDreams/Content/Mannequin/Character/Textures/UE4Man_Logo_N.uasset" 92
"../../../../../../Users/david/Documents/Unreal Projects/SweatDreams/Content/Mannequin/Character/Materials/M_UE4Man_ChestLogo.uasset" 93
"../../../../../../Users/david/Documents/Unreal Projects/SweatDreams/Content/Mannequin/Character/Mesh/SK_Mannequin_PhysicsAsset.uasset" 94
"../../../../../../Users/david/Documents/Unreal Projects/SweatDreams/Content/Mannequin/Character/Mesh/SK_Mannequin.uasset" 95
"../../../Engine/Content/Functions/Engine_MaterialFunctions01/Opacity/CameraDepthFade.uasset" 96
"../../../Engine/Content/EngineMaterials/T_Default_Material_Grid_M.uasset" 97
"../../../Engine/Content/EngineMaterials/T_Default_Material_Grid_N.uasset" 98
"../../../Engine/Content/EngineMaterials/WorldGridMaterial.uasset" 99
"../../../../../../Users/david/Documents/Unreal Projects/SweatDreams/Content/Shield/ShieldFBX.uasset" 100
"../../../../../../Users/david/Documents/Unreal Projects/SweatDreams/Content/AI_DIOPORCO/character/NPC.uasset" 101
"../../../Engine/Content/Functions/Engine_MaterialFunctions02/Utility/MakeFloat2.uasset" 102
"../../../../../../Users/david/Documents/Unreal Projects/SweatDreams/Content/Dream_Solvent/T_Fireball.uasset" 103
"../../../../../../Users/david/Documents/Unreal Projects/SweatDreams/Content/Dream_Solvent/M_DreamSolvent.uasset" 104
"../../Plugins/FX/Niagara/Content/DefaultAssets/DefaultSpriteMaterial.uasset" 105
"../../Plugins/FX/Niagara/Content/DynamicInputs/Angles/NormalizedAngleToDegrees.uasset" 106
"../../Plugins/FX/Niagara/Content/DynamicInputs/Clamp/ClampFloat.uasset" 107
"../../Plugins/FX/Niagara/Content/DynamicInputs/TypeConversions/VectorFromFloat.uasset" 108
"../../Plugins/FX/Niagara/Content/Enums/ENiagaraRandomnessMode.uasset" 109
"../../Plugins/FX/Niagara/Content/Functions/GetRandomInfo.uasset" 110
"../../Plugins/FX/Niagara/Content/Functions/RandomRangeFloat.uasset" 111
"../../Plugins/FX/Niagara/Content/DynamicInputs/UniformRange/UniformRangedFloat.uasset" 112
"../../Plugins/FX/Niagara/Content/DynamicInputs/ValueFromCurve/FloatFromCurve.uasset" 113
"../../Plugins/FX/Niagara/Content/Functions/Localspace/SimulationPosition.uasset" 114
"../../Plugins/FX/Niagara/Content/Functions/Emitter/EmitterChangeState.uasset" 115
"../../Plugins/FX/Niagara/Content/Enums/ENiagara_EmitterStateOptions.uasset" 116
"../../Plugins/FX/Niagara/Content/Enums/ENiagara_InfiniteLoopDuration.uasset" 117
"../../Plugins/FX/Niagara/Content/Enums/ENiagaraEmitterLifeCycleMode.uasset" 118
"../../Plugins/FX/Niagara/Content/Enums/ENiagaraEmitterScalabilityMode_Limited.uasset" 119
"../../Plugins/FX/Niagara/Content/Enums/ENiagaraExecutionStateManagement.uasset" 120
"../../Plugins/FX/Niagara/Content/Enums/ENiagaraInactiveMode.uasset" 121
"../../Plugins/FX/Niagara/Content/Modules/Emitter/EmitterState.uasset" 122
"../../Plugins/FX/Niagara/Content/Modules/Emitter/SpawnRate.uasset" 123
"../../Plugins/FX/Niagara/Content/Functions/DirectionAndLengthSafe.uasset" 124
"../../Plugins/FX/Niagara/Content/Modules/Solvers/SolveForcesAndVelocity.uasset" 125
"../../Plugins/FX/Niagara/Content/Modules/Spawn/Initialization/InitializeParticle.uasset" 126
"../../Plugins/FX/Niagara/Content/Enums/ENiagaraCoordinateSpace.uasset" 127
"../../Plugins/FX/Niagara/Content/Functions/Localspace/TransformBase.uasset" 128
"../../Plugins/FX/Niagara/Content/Functions/Localspace/TransformVector.uasset" 129
"../../Plugins/FX/Niagara/Content/Functions/RandomPointInSphere.uasset" 130
"../../Plugins/FX/Niagara/Content/Enums/ENiagaraExpansionMode.uasset" 131
"../../Plugins/FX/Niagara/Content/Enums/ENiagaraTorusDistributionMode.uasset" 132
"../../Plugins/FX/Niagara/Content/Modules/Spawn/Location/SphereLocation.uasset" 133
"../../Plugins/FX/Niagara/Content/Functions/System/SystemChangeState.uasset" 134
"../../Plugins/FX/Niagara/Content/Enums/ENiagaraSystemInactiveMode.uasset" 135
"../../Plugins/FX/Niagara/Content/Modules/System/SystemState.uasset" 136
"../../Plugins/FX/Niagara/Content/Enums/ENiagaraScaleColorMode.uasset" 137
"../../Plugins/FX/Niagara/Content/Modules/Update/Color/ScaleColor.uasset" 138
"../../Plugins/FX/Niagara/Content/Functions/FindAngleBetweenVectors.uasset" 139
"../../Plugins/FX/Niagara/Content/Functions/Masks/ConeMask.uasset" 140
"../../Plugins/FX/Niagara/Content/Enums/ENiagaraCurlNoiseQuality.uasset" 141
"../../Plugins/FX/Niagara/Content/VectorFields/Assets/TilingCurl16.uasset" 142
"../../Plugins/FX/Niagara/Content/VectorFields/Assets/TilingCurl32.uasset" 143
"../../Plugins/FX/Niagara/Content/VectorFields/Assets/TilingCurl64.uasset" 144
"../../Plugins/FX/Niagara/Content/Modules/Update/Forces/CurlNoiseForce.uasset" 145
"../../Plugins/FX/Niagara/Content/Functions/Localspace/TransformPosition.uasset" 146
"../../Plugins/FX/Niagara/Content/Modules/Update/Forces/PointAttractionForce.uasset" 147
"../../Plugins/FX/Niagara/Content/Modules/Update/Lifetime/ParticleState.uasset" 148
"../../../../../../Users/david/Documents/Unreal Projects/SweatDreams/Content/StarterContent/Props/MaterialSphere.uasset" 149
"../../../../../../Users/david/Documents/Unreal Projects/SweatDreams/Content/Dream_Solvent/FX_DreamSolvent.uasset" 150
"../../../../../../Users/david/Documents/Unreal Projects/SweatDreams/Content/Dream_Solvent/Dream_Solvent.uasset" 151
"../../../Engine/Content/Functions/Engine_MaterialFunctions02/Lerp_3Color.uasset" 152
"../../../Engine/Content/Functions/Engine_MaterialFunctions02/Texturing/ScreenAlignedPixelToPixelUVs.uasset" 153
"../../../../../../Users/david/Documents/Unreal Projects/SweatDreams/Content/Dissolve/Material/Texture/Pattern_5.uasset" 154
"../../../../../../Users/david/Documents/Unreal Projects/SweatDreams/Content/Dissolve/Material/M_Body.uasset" 155
"../../../../../../Users/david/Documents/Unreal Projects/SweatDreams/Content/Dissolve/Material/M_Body_Inst.uasset" 156
"../../../Engine/Content/Functions/Engine_MaterialFunctions01/Texturing/FlattenNormal.uasset" 157
"../../../../../../Users/david/Documents/Unreal Projects/SweatDreams/Content/Dissolve/Material/Texture/pattern_normal_1.uasset" 158
"../../../../../../Users/david/Documents/Unreal Projects/SweatDreams/Content/Dissolve/Material/M_Inv.uasset" 159
"../../../../../../Users/david/Documents/Unreal Projects/SweatDreams/Content/Dissolve/Material/M_Inv_Inst.uasset" 160
"../../../Engine/Content/Functions/Engine_MaterialFunctions01/Density/ExponentialDensity.uasset" 161
"../../../Engine/Content/Functions/Engine_MaterialFunctions01/Gradient/RadialGradientExponential.uasset" 162
"../../../../../../Users/david/Documents/Unreal Projects/SweatDreams/Content/StarterContent/Textures/T_Water_N.uasset" 163
"../../../../../../Users/david/Documents/Unreal Projects/SweatDreams/Content/Dodge/M_DashPath.uasset" 164
"../../../../../../Users/david/Documents/Unreal Projects/SweatDreams/Content/Dodge/M_MainTrail.uasset" 165
"../../Plugins/FX/Niagara/Content/DynamicInputs/TypeConversions/MakeVector3_FromColor.uasset" 166
"../../Plugins/FX/Niagara/Content/DynamicInputs/ValueFromCurve/ColorFromCurve.uasset" 167
"../../Plugins/FX/Niagara/Content/Modules/Emitter/SpawnPerUnit.uasset" 168
"../../Plugins/FX/Niagara/Content/Modules/Ribbons/ScaleRibbonWidth.uasset" 169
"../../Plugins/FX/Niagara/Content/Modules/Spawn/Initialization/InitializeRibbon.uasset" 170
"../../Plugins/FX/Niagara/Content/Modules/Spawn/Location/SystemLocation.uasset" 171
"../../Plugins/FX/Niagara/Content/Functions/RandomUnitVector.uasset" 172
"../../Plugins/FX/Niagara/Content/Functions/RandomVector.uasset" 173
"../../Plugins/FX/Niagara/Content/Modules/Update/Position/JitterPosition.uasset" 174
"../../../../../../Users/david/Documents/Unreal Projects/SweatDreams/Content/Dodge/NX_Dash_FX.uasset" 175
"../../../Engine/Content/Functions/Engine_MaterialFunctions02/HueShift.uasset" 176
"../../../../../../Users/david/Documents/Unreal Projects/SweatDreams/Content/Luos8Elements/Materials/MPCs/MPC_VFX_ColorCtrl.uasset" 177
"../../../../../../Users/david/Documents/Unreal Projects/SweatDreams/Content/Luos8Elements/Mat_Functions/Luos_VFX_SatHueEmissive.uasset" 178
"../../../../../../Users/david/Documents/Unreal Projects/SweatDreams/Content/Luos8Elements/Materials/Dark/M_4E_DarkCore_01.uasset" 179
"../../../Engine/Content/Functions/Engine_MaterialFunctions01/Texturing/ComputeMipLevel.uasset" 180
"../../../Engine/Content/EngineMaterials/DefaultDiffuse.uasset" 181
"../../../Engine/Content/Functions/Engine_MaterialFunctions01/Texturing/TextureCropping.uasset" 182
"../../../Engine/Content/Functions/Engine_MaterialFunctions02/ExampleContent/Gradient.uasset" 183
"../../../Engine/Content/Functions/Engine_MaterialFunctions02/ExampleContent/Greyscale.uasset" 184
"../../../Engine/Content/Functions/Engine_MaterialFunctions02/Gradients/GradientMap_Multi.uasset" 185
"../../../Engine/Content/Functions/Engine_MaterialFunctions02/Math/TimeWithSpeedVariable.uasset" 186
"../../../Engine/Content/Functions/Engine_MaterialFunctions02/Gradients/GradientMap_Multi_TexObjSamplerType.uasset" 187
"../../../Engine/Content/Functions/Engine_MaterialFunctions02/PassThrough.uasset" 188
"../../../Engine/Content/Functions/Engine_MaterialFunctions02/SafeNormalize.uasset" 189
"../../../Engine/Content/Functions/Engine_MaterialFunctions02/Utility/BreakOutFloat3Components.uasset" 190
"../../../Engine/Content/Functions/Engine_MaterialFunctions02/ExampleContent/DebugNumberStrip.uasset" 191
"../../../Engine/Content/Functions/Engine_MaterialFunctions02/ExampleContent/Textures/DebugNumberPeriod.uasset" 192
"../../../Engine/Content/Functions/Engine_MaterialFunctions02/Utility/DebugScalarValues.uasset" 193
"../../../Engine/Content/Functions/Engine_MaterialFunctions02/Utility/DebugFloat3Values.uasset" 194
"../../../Engine/Content/Functions/Engine_MaterialFunctions02/Utility/BreakOutFloat4Components.uasset" 195
"../../../Engine/Content/Functions/Engine_MaterialFunctions02/Utility/DebugFloat4Values.uasset" 196
"../../../Engine/Content/Functions/Engine_MaterialFunctions02/Utility/MakeFloat3.uasset" 197
"../../../Engine/Content/Functions/Engine_MaterialFunctions02/Normals/UnpackNormalFromFloat.uasset" 198
"../../../Engine/Content/Functions/Engine_MaterialFunctions02/Utility/BreakOutFloat2Components.uasset" 199
"../../../Engine/Content/Functions/Engine_MaterialFunctions02/ExampleContent/TextureBasedWPO/DemoBox.uasset" 200
"../../../Engine/Content/Functions/Engine_MaterialFunctions02/ExampleContent/TextureBasedWPO/DemoBox_Normals.uasset" 201
"../../../Engine/Content/Functions/Engine_MaterialFunctions02/MAXScripts/MS_VertexAnimationTools_MorphTargets.uasset" 202
"../../../../../../Users/david/Documents/Unreal Projects/SweatDreams/Content/Luos8Elements/Mat_Functions/Luos_FeatureQuality.uasset" 203
"../../../../../../Users/david/Documents/Unreal Projects/SweatDreams/Content/Luos8Elements/Mat_Functions/Luos_UVDistortion_Panner.uasset" 204
"../../../../../../Users/david/Documents/Unreal Projects/SweatDreams/Content/Luos8Elements/Textures/Gradients/T_LMagic_Clouds_Masks_01.uasset" 205
"../../../../../../Users/david/Documents/Unreal Projects/SweatDreams/Content/Luos8Elements/Textures/Gradients/T_LParticle_Thruster_Masks_01.uasset" 206
"../../../../../../Users/david/Documents/Unreal Projects/SweatDreams/Content/Luos8Elements/Textures/VertAnimTex/EXR_NP_Swirl_Tails_01.uasset" 207
"../../../../../../Users/david/Documents/Unreal Projects/SweatDreams/Content/Luos8Elements/Materials/Dark/M_4E_DarkFlares_01.uasset" 208
"../../../../../../Users/david/Documents/Unreal Projects/SweatDreams/Content/Luos8Elements/Mat_Functions/Luos_Selector_3x.uasset" 209
"../../../../../../Users/david/Documents/Unreal Projects/SweatDreams/Content/Luos8Elements/Textures/Dark/T_4E_UnitySmoke_01_8x8.uasset" 210
"../../../../../../Users/david/Documents/Unreal Projects/SweatDreams/Content/Luos8Elements/Textures/Dark/T_LMagic_UnitySmoke_01_8x8.uasset" 211
"../../../../../../Users/david/Documents/Unreal Projects/SweatDreams/Content/Luos8Elements/Materials/Dark/M_4E_DarkSmoke_01.uasset" 212
"../../../../../../Users/david/Documents/Unreal Projects/SweatDreams/Content/Luos8Elements/Mat_Functions/Luos_UV_Distorter.uasset" 213
"../../../../../../Users/david/Documents/Unreal Projects/SweatDreams/Content/Luos8Elements/Textures/Light/T_4E_LightSpark_01.uasset" 214
"../../../../../../Users/david/Documents/Unreal Projects/SweatDreams/Content/Luos8Elements/Textures/Normals/T_Norm_21_N.uasset" 215
"../../../../../../Users/david/Documents/Unreal Projects/SweatDreams/Content/Luos8Elements/Materials/Dark/M_4E_DarkStar_01.uasset" 216
"../../../../../../Users/david/Documents/Unreal Projects/SweatDreams/Content/Luos8Elements/Materials/Generic/M_4E_Invissi_01.uasset" 217
"../../../Engine/Content/Functions/Engine_MaterialFunctions01/Gradient/SphereGradient-2D.uasset" 218
"../../../../../../Users/david/Documents/Unreal Projects/SweatDreams/Content/Luos8Elements/Materials/Generic/M_4E_TinyDot_01.uasset" 219
"../../../../../../Users/david/Documents/Unreal Projects/SweatDreams/Content/Luos8Elements/Materials/Generic/Instances/MI_tinyDot_2.uasset" 220
"../../../../../../Users/david/Documents/Unreal Projects/SweatDreams/Content/Luos8Elements/Materials/Generic/Instances/MI_4E_TinyDot_01b.uasset" 221
"../../../../../../Users/david/Documents/Unreal Projects/SweatDreams/Content/Luos8Elements/StaticMeshes/Dark/SM_4E_DarkTails_01.uasset" 222
"../../../../../../Users/david/Documents/Unreal Projects/SweatDreams/Content/Luos8Elements/StaticMeshes/Light/SM_4E_LightSphere_01.uasset" 223
"../../../../../../Users/david/Documents/Unreal Projects/SweatDreams/Content/Luos8Elements/StaticMeshes/Various/SM_4E_RegularPlane_01.uasset" 224
"../../../../../../Users/david/Documents/Unreal Projects/SweatDreams/Content/Luos8Elements/Particles/Dark/Par_4E_Dark_Impact_01.uasset" 225
"../../../../../../Users/david/Documents/Unreal Projects/SweatDreams/Content/Pause_Menu/tasti_-_Copia.uasset" 226
"../../../../../../Users/david/Documents/Unreal Projects/SweatDreams/Content/Pause_Menu/W_Controlli.uasset" 227
"../../../../../../Users/david/Documents/Unreal Projects/SweatDreams/Content/Pause_Menu/Pause_Menu.uasset" 228
"../../../../../../Users/david/Documents/Unreal Projects/SweatDreams/Content/Sound/mixkit-human-whistle-605.uasset" 229
"../../../../../../Users/david/Documents/Unreal Projects/SweatDreams/Content/Cover_System/ThirdPersonCharacter.uasset" 230
"../../../../../../Users/david/Documents/Unreal Projects/SweatDreams/Content/Cover_System/ThirdPersonGameMode.uasset" 231
"../../../../../../Users/david/Documents/Unreal Projects/SweatDreams/Content/Sound/Steps/step_1.uasset" 232
"../../../../../../Users/david/Documents/Unreal Projects/SweatDreams/Content/Sound/Steps/step_2.uasset" 233
"../../../../../../Users/david/Documents/Unreal Projects/SweatDreams/Content/Sound/Steps/step_3.uasset" 234
"../../../Engine/Content/Animation/DefaultAnimCurveCompressionSettings.uasset" 235
"../../../Engine/Content/ArtTools/RenderToTexture/Meshes/S_1_Unit_Plane.uasset" 236
"../../../Engine/Content/EngineMaterials/DefaultMaterial.uasset" 237
"../../../Engine/Content/BasicShapes/Cone.uasset" 238
"../../../Engine/Content/BasicShapes/Cube.uasset" 239
"../../../Engine/Content/BasicShapes/Cylinder.uasset" 240
"../../../Engine/Content/BasicShapes/Plane.uasset" 241
"../../../Engine/Content/BasicShapes/Sphere.uasset" 242
"../../../Engine/Content/EditorLandscapeResources/DataLayer.uasset" 243
"../../../Engine/Content/EditorMaterials/MAT_Groups_Toggle.uasset" 244
"../../../Engine/Content/EditorMaterials/MAT_Groups_Visibility.uasset" 245
"../../../Engine/Content/EditorMaterials/PreviewShadowIndicator.uasset" 246
"../../../Engine/Content/EditorMaterials/PreviewShadowIndicatorMaterial.uasset" 247
"../../../Engine/Content/EditorMaterials/MatineeGroups/MAT_ColorTrack.uasset" 248
"../../../Engine/Content/EditorMaterials/MatineeGroups/MAT_Groups_Anim.uasset" 249
"../../../Engine/Content/EditorMaterials/MatineeGroups/MAT_Groups_AudioMaster.uasset" 250
"../../../Engine/Content/EditorMaterials/MatineeGroups/MAT_Groups_Director.uasset" 251
"../../../Engine/Content/EditorMaterials/MatineeGroups/MAT_Groups_Event.uasset" 252
"../../../Engine/Content/EditorMaterials/MatineeGroups/MAT_Groups_Fade.uasset" 253
"../../../Engine/Content/EditorMaterials/MatineeGroups/MAT_Groups_Float.uasset" 254
"../../../Engine/Content/EditorMaterials/MatineeGroups/MAT_Groups_Move.uasset" 255
"../../../Engine/Content/EditorMaterials/MatineeGroups/MAT_Groups_Slomo.uasset" 256
"../../../Engine/Content/EditorMaterials/MatineeGroups/MAT_Groups_Sound.uasset" 257
"../../../Engine/Content/EditorMaterials/MatineeGroups/MAT_Groups_Vector.uasset" 258
"../../../Engine/Content/EditorMaterials/ParticleSystems/PSysThumbnail_NoImage.uasset" 259
"../../../Engine/Content/EditorMaterials/ParticleSystems/PSysThumbnail_OOD.uasset" 260
"../../../Engine/Content/EditorMaterials/Camera/CineMat.uasset" 261
"../../../Engine/Content/EditorMaterials/Camera/MI_CineMat_Rig.uasset" 262
"../../../Engine/Content/EditorMeshes/Camera/SM_CraneRig_Arm.uasset" 263
"../../../Engine/Content/EditorMeshes/Camera/SM_CraneRig_Base.uasset" 264
"../../../Engine/Content/EditorMeshes/Camera/SM_CraneRig_Body.uasset" 265
"../../../Engine/Content/EditorMeshes/Camera/SM_CraneRig_Mount.uasset" 266
"../../../Engine/Content/EditorMeshes/Camera/SM_RailRig_Mount.uasset" 267
"../../../Engine/Content/EditorMeshes/Camera/SM_RailRig_Track.uasset" 268
"../../../Engine/Content/EditorResources/BSPVertex.uasset" 269
"../../../Engine/Content/EditorResources/EmptyActor.uasset" 270
"../../../Engine/Content/EditorResources/S_Actor.uasset" 271
"../../../Engine/Content/EditorResources/S_Note.uasset" 272
"../../../Engine/Content/EditorResources/S_Solver.uasset" 273
"../../../Engine/Content/EditorResources/S_Trigger.uasset" 274
"../../../Engine/Content/EditorResources/SequenceRecorder/Countdown.uasset" 275
"../../../Engine/Content/EditorResources/SequenceRecorder/RecordingIndicator.uasset" 276
"../../../Engine/Content/EditorSounds/Notifications/CompileFailed.uasset" 277
"../../../Engine/Content/EditorSounds/Notifications/CompileFailed_Cue.uasset" 278
"../../../Engine/Content/EditorSounds/Notifications/CompileSuccess.uasset" 279
"../../../Engine/Content/EditorSounds/Notifications/CompileStart_Cue.uasset" 280
"../../../Engine/Content/EditorSounds/Notifications/CompileSuccess_Cue.uasset" 281
"../../../Engine/Content/EngineDamageTypes/DmgTypeBP_Environmental.uasset" 282
"../../../Engine/Content/EngineDebugMaterials/DebugEditorMaterial.uasset" 283
"../../../Engine/Content/EngineDebugMaterials/DebugMeshMaterial.uasset" 284
"../../../Engine/Content/EngineDebugMaterials/M_SimpleUnlitTranslucent.uasset" 285
"../../../Engine/Content/Functions/Engine_MaterialFunctions02/Utility/CameraDirectionVector.uasset" 286
"../../../Engine/Content/EngineDebugMaterials/VolumeToRender.uasset" 287
"../../../Engine/Content/EngineDebugMaterials/M_VolumeRenderSphereTracePP.uasset" 288
"../../../Engine/Content/EngineDebugMaterials/WireframeMaterial.uasset" 289
"../../../Engine/Content/EngineFonts/Faces/DroidSansFallback.uasset" 290
"../../../Engine/Content/EngineFonts/Faces/RobotoBold.uasset" 291
"../../../Engine/Content/EngineFonts/Faces/RobotoBoldItalic.uasset" 292
"../../../Engine/Content/EngineFonts/Faces/RobotoItalic.uasset" 293
"../../../Engine/Content/EngineFonts/Faces/RobotoLight.uasset" 294
"../../../Engine/Content/EngineFonts/Faces/RobotoRegular.uasset" 295
"../../../Engine/Content/EngineFonts/Roboto.uasset" 296
"../../../Engine/Content/EngineMaterials/BaseFlattenDiffuseMap.uasset" 297
"../../../Engine/Content/EngineMaterials/BaseFlattenEmissiveMap.uasset" 298
"../../../Engine/Content/EngineMaterials/BaseFlattenGrayscaleMap.uasset" 299
"../../../Engine/Content/EngineMaterials/BaseFlattenNormalMap.uasset" 300
"../../../Engine/Content/EngineMaterials/BaseFlattenMaterial.uasset" 301
"../../../Engine/Content/EngineMaterials/BlueNoise.uasset" 302
"../../../Engine/Content/EngineMaterials/DefaultBloomKernel.uasset" 303
"../../../Engine/Content/EngineMaterials/DefaultBokeh.uasset" 304
"../../../Engine/Content/EngineMaterials/DefaultDeferredDecalMaterial.uasset" 305
"../../../Engine/Content/EngineMaterials/DefaultLightFunctionMaterial.uasset" 306
"../../../Engine/Content/EngineMaterials/DefaultPhysicalMaterial.uasset" 307
"../../../Engine/Content/EngineMaterials/DefaultPostProcessMaterial.uasset" 308
"../../../Engine/Content/EngineFonts/RobotoDistanceField.uasset" 309
"../../../Engine/Content/EngineMaterials/DefaultTextMaterialOpaque.uasset" 310
"../../../Engine/Content/EngineMaterials/DefaultWhiteGrid.uasset" 311
"../../../Engine/Content/EngineMaterials/DefaultWhiteGrid_Low.uasset" 312
"../../../Engine/Content/EngineMaterials/EmissiveMeshMaterial.uasset" 313
"../../../Engine/Content/EngineMaterials/GizmoMaterial.uasset" 314
"../../../Engine/Content/EngineMaterials/Good64x64TilingNoiseHighFreq.uasset" 315
"../../../Engine/Content/EngineMaterials/MiniFont.uasset" 316
"../../../Engine/Content/EngineMaterials/InvalidLightmapSettings.uasset" 317
"../../../Engine/Content/EngineMaterials/M_InvalidLightmapSettings.uasset" 318
"../../../Engine/Content/Functions/Engine_MaterialFunctions02/WorldPositionOffset/CameraOffset.uasset" 319
"../../../Engine/Content/EngineMaterials/PhAT_JointLimitMaterial.uasset" 320
"../../../Engine/Content/EngineMaterials/PreintegratedSkinBRDF.uasset" 321
"../../../Engine/Content/EngineMaterials/RemoveSurfaceMaterial.uasset" 322
"../../../Engine/Content/EngineMaterials/WeightMapPlaceholderTexture.uasset" 323
"../../../Engine/Content/EngineResources/WhiteSquareTexture.uasset" 324
"../../../Engine/Content/EngineMaterials/Widget3DPassThrough.uasset" 325
"../../../Engine/Content/EngineMaterials/Widget3DPassThrough_Masked.uasset" 326
"../../../Engine/Content/EngineMaterials/Widget3DPassThrough_Opaque.uasset" 327
"../../../Engine/Content/EngineMaterials/Widget3DPassThrough_Masked_OneSided.uasset" 328
"../../../Engine/Content/EngineMaterials/Widget3DPassThrough_Opaque_OneSided.uasset" 329
"../../../Engine/Content/EngineMaterials/Widget3DPassThrough_Translucent.uasset" 330
"../../../Engine/Content/EngineMaterials/Widget3DPassThrough_Translucent_OneSided.uasset" 331
"../../../Engine/Content/EngineMeshes/Cylinder.uasset" 332
"../../../Engine/Content/EngineMeshes/Sphere.uasset" 333
"../../../Engine/Content/EngineResources/Black.uasset" 334
"../../../Engine/Content/EngineResources/DefaultTextureCube.uasset" 335
"../../../Engine/Content/EngineResources/DefaultVolumeTexture2D.uasset" 336
"../../../Engine/Content/EngineResources/DefaultVolumeTexture.uasset" 337
"../../../Engine/Content/EngineResources/GradientTexture0.uasset" 338
"../../../Engine/Content/EngineSounds/Master.uasset" 339
"../../../Engine/Content/Functions/Engine_MaterialFunctions01/Shading/ConvertFromDiffSpec.uasset" 340
"../../../Engine/Content/Functions/Engine_MaterialFunctions01/Shading/PowerToRoughness.uasset" 341
"../../../Engine/Content/Maps/Templates/Thumbnails/Default.uasset" 342
"../../../Engine/Content/Maps/Templates/Thumbnails/TimeOfDay.uasset" 343
"../../../Engine/Content/Maps/Templates/Thumbnails/VR-Basic.uasset" 344
"../../../Engine/Content/MobileResources/T_MobileControls_texture.uasset" 345
"../../../Engine/Content/MobileResources/T_MobileMenu2.uasset" 346
"../../../Engine/Content/MobileResources/HUD/AnalogHat.uasset" 347
"../../../Engine/Content/MobileResources/HUD/VirtualJoystick_Background.uasset" 348
"../../../Engine/Content/MobileResources/HUD/VirtualJoystick_Thumb.uasset" 349
"../../../Engine/Content/MobileResources/HUD/DefaultVirtualJoysticks.uasset" 350
"../../../Engine/Content/MobileResources/HUD/LeftVirtualJoystickOnly.uasset" 351
"../../../Engine/Content/MobileResources/HUD/MobileHUDButton1_off.uasset" 352
"../../../Engine/Content/MobileResources/HUD/MobileHUDButton1_on.uasset" 353
"../../../Engine/Content/MobileResources/HUD/MobileHUDButton2_off.uasset" 354
"../../../Engine/Content/MobileResources/HUD/MobileHUDButton2_on.uasset" 355
"../../../Engine/Content/MobileResources/HUD/MobileHUDButton3.uasset" 356
"../../../Engine/Content/MobileResources/HUD/MobileHUDButtonFire.uasset" 357
"../../../Engine/Content/MobileResources/HUD/MobileHUDDirectionPad.uasset" 358
"../../../Engine/Content/MobileResources/HUD/MobileHUDDirectionPad2.uasset" 359
"../../../Engine/Content/MobileResources/HUD/MobileHUDDirectionPad3.uasset" 360
"../../../Engine/Content/MobileResources/HUD/MobileHUDDirectionStick.uasset" 361
"../../../Engine/Content/MobileResources/HUD/T_Castle_ThumbstickInner.uasset" 362
"../../../Engine/Content/MobileResources/HUD/T_Castle_ThumbstickOutter.uasset" 363
"../../../Engine/Content/Tutorial/ContentIntroCurve.uasset" 364
"../../../Engine/Content/Tutorial/Basics/LevelEditorAttract.uasset" 365
"../../../Engine/Content/Tutorial/Basics/TutorialAssets/icon_tab_Levels_40x.uasset" 366
"../../../Engine/Content/Tutorial/Basics/LevelEditorOverview.uasset" 367
"../../../Engine/Content/VREditor/LaserPointer/VR_LaserPower_01.uasset" 368
"../../../Engine/Content/VREditor/TransformGizmo/TransformGizmoMaterial.uasset" 369
"../../../Engine/Content/VREditor/TransformGizmo/TranslucentTransformGizmoMaterial.uasset" 370
"../../../Engine/Content/VREditor/TransformGizmo/BoundingBoxCorner.uasset" 371
"../../../Engine/Content/VREditor/TransformGizmo/BoundingBoxEdge.uasset" 372
"../../../Engine/Content/VREditor/TransformGizmo/PlaneTranslationHandle.uasset" 373
"../../../Engine/Content/VREditor/TransformGizmo/Main.uasset" 374
"../../../Engine/Content/VREditor/TransformGizmo/Xray.uasset" 375
"../../../Engine/Content/VREditor/TransformGizmo/SM_Sequencer_Key.uasset" 376
"../../../Engine/Content/VREditor/TransformGizmo/SM_Sequencer_Node.uasset" 377
"../../Plugins/2D/Paper2D/Content/PlaceholderTextures/DummySpriteTexture.uasset" 378
"../../Plugins/2D/Paper2D/Content/DummySprite.uasset" 379
"../../Plugins/2D/Paper2D/Content/DefaultPaperTerrainMaterial.uasset" 380
"../../Plugins/2D/Paper2D/Content/DefaultSpriteMaterial.uasset" 381
"../../Plugins/2D/Paper2D/Content/MaskedUnlitSpriteMaterial.uasset" 382
"../../Plugins/2D/Paper2D/Content/OpaqueUnlitSpriteMaterial.uasset" 383
"../../Plugins/FX/Niagara/Content/Enums/ENiagaraBooleanLogicOps.uasset" 384
"../../Plugins/FX/Niagara/Content/Enums/ENiagaraOrientationAxis.uasset" 385
"../../Plugins/Runtime/Oculus/OculusVR/Content/Materials/OculusMR_ChromaKey.uasset" 386
"../../Plugins/Runtime/Oculus/OculusVR/Content/Materials/OculusMR_ChromaKey_Lit.uasset" 387
"../../Plugins/Runtime/Oculus/OculusVR/Content/Materials/OculusMR_OpaqueColoredMaterial.uasset" 388
"../../Plugins/Runtime/Oculus/OculusVR/Content/Materials/OculusMR_WhiteMaterial.uasset" 389
"../../../Engine/Content/EngineSky/C_Sky_Cloud_Color.uasset" 390
"../../../Engine/Content/EngineSky/C_Sky_Horizon_Color.uasset" 391
"../../../Engine/Content/EngineSky/C_Sky_Zenith_Color.uasset" 392
"../../../Engine/Content/EngineSky/T_Sky_Blue.uasset" 393
"../../../Engine/Content/EngineSky/T_Sky_Clouds_M.uasset" 394
"../../../Engine/Content/EngineSky/T_Sky_Stars.uasset" 395
"../../../Engine/Content/EngineSky/M_Sky_Panning_Clouds2.uasset" 396
"../../../Engine/Content/EngineSky/SM_SkySphere.uasset" 397
"../../../Engine/Content/EngineSky/BP_Sky_Sphere.uasset" 398
"../../../../../../Users/david/Documents/Unreal Projects/SweatDreams/Content/AI_DIOPORCO/SplinePath_Group/SplinePath_Child.uasset" 399
"../../../../../../Users/david/Documents/Unreal Projects/SweatDreams/Content/Materials/EmissivePurple.uasset" 400
"../../../../../../Users/david/Documents/Unreal Projects/SweatDreams/Content/Ashbringers/AshbringerPurpleBP.uasset" 401
"../../../../../../Users/david/Documents/Unreal Projects/SweatDreams/Content/Telekinesis_Stuff/BP_Cube.uasset" 402
"../../../../../../Users/david/Documents/Unreal Projects/SweatDreams/Content/Gym/Gym_Map_BuiltData.uasset" 403
"../../../Engine/Content/EngineResources/DefaultTexture.uasset" 404
"../../../Engine/Content/Functions/Engine_MaterialFunctions03/Texturing/WorldCoordinate3Way.uasset" 405
"../../../../../../Users/david/Documents/Unreal Projects/SweatDreams/Content/PolygonPrototype/Textures/T_PolygonPrototype_01.uasset" 406
"../../../../../../Users/david/Documents/Unreal Projects/SweatDreams/Content/PolygonPrototype/Textures/T_PolygonPrototype_Grid_01.uasset" 407
"../../../../../../Users/david/Documents/Unreal Projects/SweatDreams/Content/PolygonPrototype/Materials/Base/Mat_PolygonPrototype_Gobal_Grid_01_Base.uasset" 408
"../../../../../../Users/david/Documents/Unreal Projects/SweatDreams/Content/PolygonPrototype/Textures/T_PolygonPrototype_02.uasset" 409
"../../../../../../Users/david/Documents/Unreal Projects/SweatDreams/Content/PolygonPrototype/Materials/Alts/Mat_PolygonPrototype_Global_Grid_02_Inst.uasset" 410
"../../../../../../Users/david/Documents/Unreal Projects/SweatDreams/Content/PolygonPrototype/Textures/T_PolygonPrototype_03.uasset" 411
"../../../../../../Users/david/Documents/Unreal Projects/SweatDreams/Content/PolygonPrototype/Materials/Alts/Mat_PolygonPrototype_Global_Grid_03_Inst.uasset" 412
"../../../../../../Users/david/Documents/Unreal Projects/SweatDreams/Content/Pause_Menu/W_Help.uasset" 413
"../../../../../../Users/david/Documents/Unreal Projects/SweatDreams/Content/PolygonPrototype/Materials/Mat_PolygonPrototype_Global_Grid_01_Inst.uasset" 414
"../../../../../../Users/david/Documents/Unreal Projects/SweatDreams/Content/PolygonPrototype/Meshes/Buildings/Polygon/SM_Bld_Column_2x3_01P.uasset" 415
"../../../../../../Users/david/Documents/Unreal Projects/SweatDreams/Content/PolygonPrototype/Meshes/Buildings/Polygon/SM_Bld_Door_01P.uasset" 416
"../../../../../../Users/david/Documents/Unreal Projects/SweatDreams/Content/PolygonPrototype/Meshes/Buildings/Polygon/SM_Bld_WallArch_2x3_01P.uasset" 417
"../../../../../../Users/david/Documents/Unreal Projects/SweatDreams/Content/PolygonPrototype/Meshes/Buildings/Polygon/SM_Bld_WallChamfered_5x5_01P.uasset" 418
"../../../../../../Users/david/Documents/Unreal Projects/SweatDreams/Content/PolygonPrototype/Meshes/Buildings/Polygon/SM_Bld_WallWindow_2x3_01P.uasset" 419
"../../../../../../Users/david/Documents/Unreal Projects/SweatDreams/Content/PolygonPrototype/Meshes/Buildings/Simple/SM_Bld_Block_1x1_01.uasset" 420
"../../../../../../Users/david/Documents/Unreal Projects/SweatDreams/Content/PolygonPrototype/Meshes/Buildings/Simple/SM_Bld_Floor_5x5_01.uasset" 421
"../../../../../../Users/david/Documents/Unreal Projects/SweatDreams/Content/PolygonPrototype/Meshes/Buildings/Simple/SM_Bld_Ramp_40_1x1_01.uasset" 422
"../../../../../../Users/david/Documents/Unreal Projects/SweatDreams/Content/PolygonPrototype/Meshes/Buildings/Simple/SM_Bld_Stairs_1x3_01.uasset" 423
"../../../../../../Users/david/Documents/Unreal Projects/SweatDreams/Content/PolygonPrototype/Meshes/Buildings/Simple/SM_Bld_Wall_5x3_01.uasset" 424
"../../../../../../Users/david/Documents/Unreal Projects/SweatDreams/Content/PolygonPrototype/Materials/Mat_PolygonPrototype_01.uasset" 425
"../../../../../../Users/david/Documents/Unreal Projects/SweatDreams/Content/PolygonPrototype/Meshes/Generic/SM_Generic_Mountains_Soft_01.uasset" 426
"../../../../../../Users/david/Documents/Unreal Projects/SweatDreams/Content/PolygonPrototype/Meshes/Generic/SM_Generic_Tree_01.uasset" 427
"../../../../../../Users/david/Documents/Unreal Projects/SweatDreams/Content/PolygonPrototype/Meshes/Generic/SM_Generic_Tree_03.uasset" 428
"../../../../../../Users/david/Documents/Unreal Projects/SweatDreams/Content/PolygonPrototype/Meshes/Generic/SM_Generic_Tree_04.uasset" 429
"../../../../../../Users/david/Documents/Unreal Projects/SweatDreams/Content/PolygonPrototype/Meshes/Generic/SM_Generic_TreeDead_01.uasset" 430
"../../../../../../Users/david/Documents/Unreal Projects/SweatDreams/Content/PolygonPrototype/Meshes/Generic/SM_Generic_TreeStump_01.uasset" 431
"../../../../../../Users/david/Documents/Unreal Projects/SweatDreams/Content/PolygonPrototype/Meshes/Icons/SM_Icon_Skull_02.uasset" 432
"../../../../../../Users/david/Documents/Unreal Projects/SweatDreams/Content/PolygonPrototype/Meshes/Props/SM_Prop_Crate_03.uasset" 433
"../../../../../../Users/david/Documents/Unreal Projects/SweatDreams/Content/PolygonPrototype/Meshes/Props/SM_Prop_Target_01.uasset" 434
"../../../../../../Users/david/Documents/Unreal Projects/SweatDreams/Content/PolygonPrototype/Meshes/Props/SM_Prop_Target_03.uasset" 435
"../../../../../../Users/david/Documents/Unreal Projects/SweatDreams/Content/PolygonPrototype/Meshes/Props/SM_Prop_Target_Stand_01.uasset" 436
"../../../../../../Users/david/Documents/Unreal Projects/SweatDreams/Content/Gym/Gym_Map.umap" 437
"../../../Engine/Content/Maps/Entry_BuiltData.uasset" 438
"../../../Engine/Content/Maps/Entry.umap" 439
